<?xml version="1.0" encoding="UTF-8"?>
<testng-results ignored="0" total="1" passed="1" failed="0" skipped="0">
  <reporter-output>
  </reporter-output>
  <suite started-at="2023-06-19T03:10:34 CDT" name="Default suite" finished-at="2023-06-19T03:10:39 CDT" duration-ms="5109">
    <groups>
    </groups>
    <test started-at="2023-06-19T03:10:34 CDT" name="Default test" finished-at="2023-06-19T03:10:39 CDT" duration-ms="5109">
      <class name="finaltestng.MonthDropDown">
        <test-method signature="verify()[pri:0, instance:finaltestng.MonthDropDown@3a6bb9bf]" started-at="2023-06-19T03:10:34 CDT" name="verify" finished-at="2023-06-19T03:10:39 CDT" duration-ms="5029" status="PASS">
          <reporter-output>
          </reporter-output>
        </test-method> <!-- verify -->
      </class> <!-- finaltestng.MonthDropDown -->
    </test> <!-- Default test -->
  </suite> <!-- Default suite -->
</testng-results>
